<?xml version="1.0" encoding="UTF-8"?>
<!-- Generated by org.testng.reporters.JUnitReportReporter -->
<testsuite hostname="DESKTOP-Q2RM1HI" failures="0" tests="4" name="pageobj.LoginTest" time="101.881" errors="0" timestamp="2022-01-11T12:39:47 IST" skipped="0">
  <testcase classname="pageobj.LoginTest" name="login" time="4.217"/>
  <system-out/>
  <testcase classname="pageobj.LoginTest" name="ClickCatalog" time="1.359"/>
  <system-out/>
  <testcase classname="pageobj.LoginTest" name="DataDriven" time="95.554"/>
  <system-out/>
  <testcase classname="pageobj.LoginTest" name="logout" time="0.751"/>
  <system-out/>
</testsuite> <!-- pageobj.LoginTest -->
