<?xml version="1.0" encoding="UTF-8"?>
<!-- Generated by org.testng.reporters.JUnitReportReporter -->
<testsuite hostname="DESKTOP-Q2RM1HI" failures="0" tests="4" name="test.LoginTest" time="93.621" errors="0" timestamp="2022-01-11T21:39:28 IST" skipped="0">
  <testcase classname="test.LoginTest" name="login" time="4.749"/>
  <system-out/>
  <testcase classname="test.LoginTest" name="ClickCatalog" time="1.221"/>
  <system-out/>
  <testcase classname="test.LoginTest" name="DataDriven" time="86.823"/>
  <system-out/>
  <testcase classname="test.LoginTest" name="logout" time="0.828"/>
  <system-out/>
</testsuite> <!-- test.LoginTest -->
